<?xml version="1.0" encoding="UTF-8"?>
<coverage generated="1680188638685" clover="3.2.0">
  <project timestamp="1680188638685" name="All files">
    <metrics statements="2" coveredstatements="2" conditionals="0" coveredconditionals="0" methods="0" coveredmethods="0" elements="2" coveredelements="2" complexity="0" loc="2" ncloc="2" packages="1" files="1" classes="1"/>
    <file name="user-create-mock.ts" path="/Users/emiledesousamoraestavares/Git/Personal/node-express-typescript/test/mock/interfaces/user/user-create-mock.ts">
      <metrics statements="2" coveredstatements="2" conditionals="0" coveredconditionals="0" methods="0" coveredmethods="0"/>
      <line num="1" count="2" type="stmt"/>
      <line num="7" count="2" type="stmt"/>
    </file>
  </project>
</coverage>
