{"/Users/emiledesousamoraestavares/Git/Personal/node-express-typescript/src/error/joi-validation.ts": {"path":"/Users/emiledesousamoraestavares/Git/Personal/node-express-typescript/src/error/joi-validation.ts","statementMap":{"0":{"start":{"line":9,"column":8},"end":{"line":9,"column":23}},"1":{"start":{"line":6,"column":20},"end":{"line":6,"column":55}},"2":{"start":{"line":10,"column":8},"end":{"line":10,"column":33}},"3":{"start":{"line":11,"column":8},"end":{"line":11,"column":67}},"4":{"start":{"line":5,"column":0},"end":{"line":5,"column":13}},"5":{"start":{"line":15,"column":4},"end":{"line":18,"column":null}},"6":{"start":{"line":16,"column":43},"end":{"line":16,"column":90}},"7":{"start":{"line":17,"column":8},"end":{"line":17,"column":91}},"8":{"start":{"line":14,"column":0},"end":{"line":14,"column":16}},"9":{"start":{"line":22,"column":4},"end":{"line":25,"column":6}}},"fnMap":{"0":{"name":"(anonymous_0)","decl":{"start":{"line":8,"column":4},"end":{"line":8,"column":16}},"loc":{"start":{"line":8,"column":67},"end":{"line":12,"column":5}}},"1":{"name":"validateAndThrowExceptionIfInvalid","decl":{"start":{"line":14,"column":16},"end":{"line":14,"column":50}},"loc":{"start":{"line":14,"column":85},"end":{"line":19,"column":1}}},"2":{"name":"convertToPayloadErrorMessage","decl":{"start":{"line":21,"column":9},"end":{"line":21,"column":37}},"loc":{"start":{"line":21,"column":64},"end":{"line":26,"column":1}}}},"branchMap":{"0":{"loc":{"start":{"line":15,"column":4},"end":{"line":18,"column":null}},"type":"if","locations":[{"start":{"line":15,"column":4},"end":{"line":18,"column":null}}]}},"s":{"0":2,"1":2,"2":2,"3":2,"4":3,"5":3,"6":2,"7":2,"8":3,"9":5},"f":{"0":2,"1":3,"2":5},"b":{"0":[2]}}
,"/Users/emiledesousamoraestavares/Git/Personal/node-express-typescript/src/interfaces/index.ts": {"path":"/Users/emiledesousamoraestavares/Git/Personal/node-express-typescript/src/interfaces/index.ts","statementMap":{"0":{"start":{"line":1,"column":0},"end":{"line":1,"column":59}},"1":{"start":{"line":2,"column":0},"end":{"line":2,"column":73}},"2":{"start":{"line":4,"column":25},"end":{"line":4,"column":34}},"3":{"start":{"line":6,"column":0},"end":{"line":6,"column":24}},"4":{"start":{"line":8,"column":0},"end":{"line":8,"column":39}},"5":{"start":{"line":10,"column":0},"end":{"line":13,"column":3}},"6":{"start":{"line":12,"column":4},"end":{"line":12,"column":58}},"7":{"start":{"line":15,"column":0},"end":{"line":15,"column":19}}},"fnMap":{"0":{"name":"(anonymous_1)","decl":{"start":{"line":10,"column":13},"end":{"line":10,"column":14}},"loc":{"start":{"line":10,"column":71},"end":{"line":13,"column":1}}}},"branchMap":{},"s":{"0":2,"1":2,"2":2,"3":2,"4":2,"5":2,"6":1,"7":2},"f":{"0":1},"b":{}}
,"/Users/emiledesousamoraestavares/Git/Personal/node-express-typescript/src/interfaces/user/user-create-enpoint.ts": {"path":"/Users/emiledesousamoraestavares/Git/Personal/node-express-typescript/src/interfaces/user/user-create-enpoint.ts","statementMap":{"0":{"start":{"line":1,"column":0},"end":{"line":1,"column":50}},"1":{"start":{"line":5,"column":0},"end":{"line":5,"column":61}},"2":{"start":{"line":7,"column":15},"end":{"line":7,"column":23}},"3":{"start":{"line":34,"column":9},"end":{"line":34,"column":15}},"4":{"start":{"line":9,"column":15},"end":{"line":9,"column":17}},"5":{"start":{"line":12,"column":0},"end":{"line":14,"column":3}},"6":{"start":{"line":13,"column":4},"end":{"line":13,"column":19}},"7":{"start":{"line":15,"column":0},"end":{"line":32,"column":3}},"8":{"start":{"line":16,"column":4},"end":{"line":30,"column":null}},"9":{"start":{"line":17,"column":47},"end":{"line":17,"column":55}},"10":{"start":{"line":18,"column":22},"end":{"line":18,"column":50}},"11":{"start":{"line":19,"column":7},"end":{"line":19,"column":47}},"12":{"start":{"line":22,"column":8},"end":{"line":22,"column":27}},"13":{"start":{"line":23,"column":8},"end":{"line":23,"column":26}},"14":{"start":{"line":24,"column":8},"end":{"line":24,"column":null}},"15":{"start":{"line":26,"column":8},"end":{"line":29,"column":11}}},"fnMap":{"0":{"name":"(anonymous_0)","decl":{"start":{"line":12,"column":16},"end":{"line":12,"column":17}},"loc":{"start":{"line":12,"column":48},"end":{"line":14,"column":1}}},"1":{"name":"(anonymous_1)","decl":{"start":{"line":15,"column":22},"end":{"line":15,"column":27}},"loc":{"start":{"line":15,"column":60},"end":{"line":32,"column":1}}}},"branchMap":{},"s":{"0":2,"1":2,"2":2,"3":2,"4":2,"5":2,"6":0,"7":2,"8":1,"9":1,"10":1,"11":1,"12":0,"13":0,"14":0,"15":1},"f":{"0":0,"1":1},"b":{}}
,"/Users/emiledesousamoraestavares/Git/Personal/node-express-typescript/src/interfaces/user/shema/user-create.ts": {"path":"/Users/emiledesousamoraestavares/Git/Personal/node-express-typescript/src/interfaces/user/shema/user-create.ts","statementMap":{"0":{"start":{"line":1,"column":0},"end":{"line":1,"column":22}},"1":{"start":{"line":5,"column":0},"end":{"line":5,"column":81}},"2":{"start":{"line":9,"column":25},"end":{"line":15,"column":16}},"3":{"start":{"line":18,"column":22},"end":{"line":18,"column":83}},"4":{"start":{"line":19,"column":4},"end":{"line":19,"column":46}},"5":{"start":{"line":17,"column":0},"end":{"line":17,"column":16}}},"fnMap":{"0":{"name":"validateUserCreateSchema","decl":{"start":{"line":17,"column":16},"end":{"line":17,"column":40}},"loc":{"start":{"line":17,"column":65},"end":{"line":20,"column":1}}}},"branchMap":{},"s":{"0":3,"1":3,"2":3,"3":3,"4":3,"5":3},"f":{"0":3},"b":{}}
,"/Users/emiledesousamoraestavares/Git/Personal/node-express-typescript/test/mock/interfaces/user/user-create-mock.ts": {"path":"/Users/emiledesousamoraestavares/Git/Personal/node-express-typescript/test/mock/interfaces/user/user-create-mock.ts","statementMap":{"0":{"start":{"line":1,"column":13},"end":{"line":6,"column":null}},"1":{"start":{"line":7,"column":13},"end":{"line":12,"column":null}}},"fnMap":{},"branchMap":{},"s":{"0":2,"1":2},"f":{},"b":{}}
}
