{"/Users/emiledesousamoraestavares/Git/Personal/node-express-typescript/src/application/user-create-command.ts": {"path":"/Users/emiledesousamoraestavares/Git/Personal/node-express-typescript/src/application/user-create-command.ts","statementMap":{"0":{"start":{"line":1,"column":0},"end":{"line":1,"column":22}},"1":{"start":{"line":4,"column":0},"end":{"line":4,"column":75}},"2":{"start":{"line":5,"column":0},"end":{"line":5,"column":43}},"3":{"start":{"line":10,"column":17},"end":{"line":10,"column":29}},"4":{"start":{"line":11,"column":17},"end":{"line":11,"column":40}},"5":{"start":{"line":12,"column":17},"end":{"line":12,"column":41}},"6":{"start":{"line":13,"column":17},"end":{"line":13,"column":30}},"7":{"start":{"line":14,"column":17},"end":{"line":14,"column":33}},"8":{"start":{"line":8,"column":0},"end":{"line":8,"column":13}},"9":{"start":{"line":17,"column":21},"end":{"line":17,"column":42}},"10":{"start":{"line":19,"column":25},"end":{"line":25,"column":16}},"11":{"start":{"line":28,"column":22},"end":{"line":28,"column":83}},"12":{"start":{"line":29,"column":4},"end":{"line":29,"column":46}},"13":{"start":{"line":27,"column":0},"end":{"line":27,"column":16}}},"fnMap":{"0":{"name":"(anonymous_1)","decl":{"start":{"line":9,"column":4},"end":{"line":9,"column":null}},"loc":{"start":{"line":14,"column":33},"end":{"line":14,"column":36}}},"1":{"name":"validateUserCreateSchema","decl":{"start":{"line":27,"column":16},"end":{"line":27,"column":40}},"loc":{"start":{"line":27,"column":71},"end":{"line":30,"column":1}}}},"branchMap":{},"s":{"0":3,"1":3,"2":3,"3":2,"4":2,"5":2,"6":2,"7":2,"8":3,"9":3,"10":3,"11":4,"12":4,"13":3},"f":{"0":2,"1":4},"b":{}}
,"/Users/emiledesousamoraestavares/Git/Personal/node-express-typescript/src/error/joi-validation.ts": {"path":"/Users/emiledesousamoraestavares/Git/Personal/node-express-typescript/src/error/joi-validation.ts","statementMap":{"0":{"start":{"line":9,"column":8},"end":{"line":9,"column":23}},"1":{"start":{"line":6,"column":20},"end":{"line":6,"column":55}},"2":{"start":{"line":10,"column":8},"end":{"line":10,"column":33}},"3":{"start":{"line":11,"column":8},"end":{"line":11,"column":67}},"4":{"start":{"line":5,"column":0},"end":{"line":5,"column":13}},"5":{"start":{"line":15,"column":4},"end":{"line":18,"column":null}},"6":{"start":{"line":16,"column":43},"end":{"line":16,"column":90}},"7":{"start":{"line":17,"column":8},"end":{"line":17,"column":91}},"8":{"start":{"line":14,"column":0},"end":{"line":14,"column":16}},"9":{"start":{"line":22,"column":4},"end":{"line":25,"column":6}}},"fnMap":{"0":{"name":"(anonymous_0)","decl":{"start":{"line":8,"column":4},"end":{"line":8,"column":16}},"loc":{"start":{"line":8,"column":67},"end":{"line":12,"column":5}}},"1":{"name":"validateAndThrowExceptionIfInvalid","decl":{"start":{"line":14,"column":16},"end":{"line":14,"column":50}},"loc":{"start":{"line":14,"column":85},"end":{"line":19,"column":1}}},"2":{"name":"convertToPayloadErrorMessage","decl":{"start":{"line":21,"column":9},"end":{"line":21,"column":37}},"loc":{"start":{"line":21,"column":64},"end":{"line":26,"column":1}}}},"branchMap":{"0":{"loc":{"start":{"line":15,"column":4},"end":{"line":18,"column":null}},"type":"if","locations":[{"start":{"line":15,"column":4},"end":{"line":18,"column":null}}]}},"s":{"0":2,"1":2,"2":2,"3":2,"4":3,"5":4,"6":2,"7":2,"8":3,"9":4},"f":{"0":2,"1":4,"2":4},"b":{"0":[2]}}
,"/Users/emiledesousamoraestavares/Git/Personal/node-express-typescript/src/interfaces/app.ts": {"path":"/Users/emiledesousamoraestavares/Git/Personal/node-express-typescript/src/interfaces/app.ts","statementMap":{"0":{"start":{"line":1,"column":0},"end":{"line":1,"column":47}},"1":{"start":{"line":2,"column":0},"end":{"line":2,"column":73}},"2":{"start":{"line":4,"column":12},"end":{"line":4,"column":21}},"3":{"start":{"line":15,"column":8},"end":{"line":15,"column":11}},"4":{"start":{"line":6,"column":0},"end":{"line":6,"column":24}},"5":{"start":{"line":8,"column":0},"end":{"line":8,"column":39}},"6":{"start":{"line":10,"column":0},"end":{"line":13,"column":3}},"7":{"start":{"line":12,"column":4},"end":{"line":12,"column":58}}},"fnMap":{"0":{"name":"(anonymous_1)","decl":{"start":{"line":10,"column":13},"end":{"line":10,"column":14}},"loc":{"start":{"line":10,"column":71},"end":{"line":13,"column":1}}}},"branchMap":{},"s":{"0":2,"1":2,"2":2,"3":2,"4":2,"5":2,"6":2,"7":1},"f":{"0":1},"b":{}}
,"/Users/emiledesousamoraestavares/Git/Personal/node-express-typescript/src/interfaces/user/user-create-enpoint.ts": {"path":"/Users/emiledesousamoraestavares/Git/Personal/node-express-typescript/src/interfaces/user/user-create-enpoint.ts","statementMap":{"0":{"start":{"line":1,"column":0},"end":{"line":1,"column":50}},"1":{"start":{"line":4,"column":0},"end":{"line":4,"column":79}},"2":{"start":{"line":6,"column":0},"end":{"line":6,"column":76}},"3":{"start":{"line":8,"column":15},"end":{"line":8,"column":23}},"4":{"start":{"line":26,"column":9},"end":{"line":26,"column":15}},"5":{"start":{"line":10,"column":0},"end":{"line":24,"column":3}},"6":{"start":{"line":11,"column":4},"end":{"line":22,"column":null}},"7":{"start":{"line":12,"column":37},"end":{"line":12,"column":45}},"8":{"start":{"line":13,"column":24},"end":{"line":13,"column":66}},"9":{"start":{"line":14,"column":21},"end":{"line":14,"column":60}},"10":{"start":{"line":16,"column":8},"end":{"line":16,"column":null}},"11":{"start":{"line":18,"column":8},"end":{"line":21,"column":11}}},"fnMap":{"0":{"name":"(anonymous_0)","decl":{"start":{"line":10,"column":22},"end":{"line":10,"column":27}},"loc":{"start":{"line":10,"column":60},"end":{"line":24,"column":1}}}},"branchMap":{},"s":{"0":2,"1":2,"2":2,"3":2,"4":2,"5":2,"6":2,"7":2,"8":2,"9":2,"10":1,"11":1},"f":{"0":2},"b":{}}
,"/Users/emiledesousamoraestavares/Git/Personal/node-express-typescript/src/interfaces/user/mapper/user-create-request-mapper.ts": {"path":"/Users/emiledesousamoraestavares/Git/Personal/node-express-typescript/src/interfaces/user/mapper/user-create-request-mapper.ts","statementMap":{"0":{"start":{"line":2,"column":0},"end":{"line":2,"column":75}},"1":{"start":{"line":7,"column":8},"end":{"line":13,"column":10}},"2":{"start":{"line":5,"column":0},"end":{"line":5,"column":13}}},"fnMap":{"0":{"name":"(anonymous_0)","decl":{"start":{"line":6,"column":4},"end":{"line":6,"column":10}},"loc":{"start":{"line":6,"column":51},"end":{"line":14,"column":5}}}},"branchMap":{},"s":{"0":2,"1":2,"2":2},"f":{"0":2},"b":{}}
,"/Users/emiledesousamoraestavares/Git/Personal/node-express-typescript/test/mock/interfaces/user/user-create-mock.ts": {"path":"/Users/emiledesousamoraestavares/Git/Personal/node-express-typescript/test/mock/interfaces/user/user-create-mock.ts","statementMap":{"0":{"start":{"line":1,"column":13},"end":{"line":7,"column":null}},"1":{"start":{"line":8,"column":13},"end":{"line":13,"column":null}}},"fnMap":{},"branchMap":{},"s":{"0":2,"1":2},"f":{},"b":{}}
}
