TN:
SF:src/error/joi-validation.ts
FN:8,(anonymous_0)
FN:14,validateAndThrowExceptionIfInvalid
FN:21,convertToPayloadErrorMessage
FNF:3
FNH:3
FNDA:2,(anonymous_0)
FNDA:3,validateAndThrowExceptionIfInvalid
FNDA:5,convertToPayloadErrorMessage
DA:5,3
DA:6,2
DA:9,2
DA:10,2
DA:11,2
DA:14,3
DA:15,3
DA:16,2
DA:17,2
DA:22,5
LF:10
LH:10
BRDA:15,0,0,2
BRF:1
BRH:1
end_of_record
TN:
SF:src/interfaces/index.ts
FN:10,(anonymous_1)
FNF:1
FNH:1
FNDA:1,(anonymous_1)
DA:1,2
DA:2,2
DA:4,2
DA:6,2
DA:8,2
DA:10,2
DA:12,1
DA:15,2
LF:8
LH:8
BRF:0
BRH:0
end_of_record
TN:
SF:src/interfaces/user/user-create-enpoint.ts
FN:12,(anonymous_0)
FN:15,(anonymous_1)
FNF:2
FNH:1
FNDA:0,(anonymous_0)
FNDA:1,(anonymous_1)
DA:1,2
DA:5,2
DA:7,2
DA:9,2
DA:12,2
DA:13,0
DA:15,2
DA:16,1
DA:17,1
DA:18,1
DA:19,1
DA:22,0
DA:23,0
DA:24,0
DA:26,1
DA:34,2
LF:16
LH:12
BRF:0
BRH:0
end_of_record
TN:
SF:src/interfaces/user/shema/user-create.ts
FN:17,validateUserCreateSchema
FNF:1
FNH:1
FNDA:3,validateUserCreateSchema
DA:1,3
DA:5,3
DA:9,3
DA:17,3
DA:18,3
DA:19,3
LF:6
LH:6
BRF:0
BRH:0
end_of_record
TN:
SF:test/mock/interfaces/user/user-create-mock.ts
FNF:0
FNH:0
DA:1,2
DA:7,2
LF:2
LH:2
BRF:0
BRH:0
end_of_record
