TN:
SF:src/application/user-create-command.ts
FN:9,(anonymous_1)
FN:27,validateUserCreateSchema
FNF:2
FNH:2
FNDA:2,(anonymous_1)
FNDA:4,validateUserCreateSchema
DA:1,3
DA:4,3
DA:5,3
DA:8,3
DA:10,2
DA:11,2
DA:12,2
DA:13,2
DA:14,2
DA:17,3
DA:19,3
DA:27,3
DA:28,4
DA:29,4
LF:14
LH:14
BRF:0
BRH:0
end_of_record
TN:
SF:src/error/joi-validation.ts
FN:8,(anonymous_0)
FN:14,validateAndThrowExceptionIfInvalid
FN:21,convertToPayloadErrorMessage
FNF:3
FNH:3
FNDA:2,(anonymous_0)
FNDA:4,validateAndThrowExceptionIfInvalid
FNDA:4,convertToPayloadErrorMessage
DA:5,3
DA:6,2
DA:9,2
DA:10,2
DA:11,2
DA:14,3
DA:15,4
DA:16,2
DA:17,2
DA:22,4
LF:10
LH:10
BRDA:15,0,0,2
BRF:1
BRH:1
end_of_record
TN:
SF:src/interfaces/app.ts
FN:10,(anonymous_1)
FNF:1
FNH:1
FNDA:1,(anonymous_1)
DA:1,2
DA:2,2
DA:4,2
DA:6,2
DA:8,2
DA:10,2
DA:12,1
DA:15,2
LF:8
LH:8
BRF:0
BRH:0
end_of_record
TN:
SF:src/interfaces/user/user-create-enpoint.ts
FN:10,(anonymous_0)
FNF:1
FNH:1
FNDA:2,(anonymous_0)
DA:1,2
DA:4,2
DA:6,2
DA:8,2
DA:10,2
DA:11,2
DA:12,2
DA:13,2
DA:14,2
DA:16,1
DA:18,1
DA:26,2
LF:12
LH:12
BRF:0
BRH:0
end_of_record
TN:
SF:src/interfaces/user/mapper/user-create-request-mapper.ts
FN:6,(anonymous_0)
FNF:1
FNH:1
FNDA:2,(anonymous_0)
DA:2,2
DA:5,2
DA:7,2
LF:3
LH:3
BRF:0
BRH:0
end_of_record
TN:
SF:test/mock/interfaces/user/user-create-mock.ts
FNF:0
FNH:0
DA:1,2
DA:8,2
LF:2
LH:2
BRF:0
BRH:0
end_of_record
